<?xml version="1.0" encoding="UTF-8"?>
<!-- Generated by org.testng.reporters.JUnitReportReporter -->
<testsuite hostname="DESKTOP-DQIOB50" failures="0" tests="1" name="week3day1.ServiceNowChangeRequest" time="4.529" errors="0" timestamp="2024-09-09T00:23:08 IST" skipped="0">
  <testcase classname="week3day1.ServiceNowChangeRequest" name="shouldUserAbletoCreateIncident" time="4.529"/>
</testsuite> <!-- week3day1.ServiceNowChangeRequest -->
