<?xml version="1.0" encoding="UTF-8"?>
<!-- Generated by org.testng.reporters.JUnitReportReporter -->
<testsuite hostname="DESKTOP-DQIOB50" failures="0" tests="2" name="week3day2.IncidentTestscript" time="7.498" errors="0" timestamp="2024-09-10T20:18:07 IST" skipped="0">
  <testcase classname="week3day2.IncidentTestscript" name="CreateNewInicident" time="4.950"/>
  <testcase classname="week3day2.IncidentTestscript" name="CreateNewInicident" time="2.548"/>
</testsuite> <!-- week3day2.IncidentTestscript -->
