<?xml version="1.0" encoding="UTF-8"?>
<!-- Generated by org.testng.reporters.JUnitReportReporter -->
<testsuite hostname="DESKTOP-DQIOB50" failures="0" tests="5" name="week3day1.ServiceNowIncidentTest" time="14.879" errors="0" timestamp="2024-09-09T00:34:12 IST" skipped="0">
  <testcase classname="week3day1.ServiceNowIncidentTest" name="shouldUserAbletoCreateIncident" time="4.735"/>
  <testcase classname="week3day1.ServiceNowIncidentTest" name="shouldUserAbleGetAllIncidents" time="3.004"/>
  <testcase classname="week3day1.ServiceNowIncidentTest" name="UpdateSingleIncident" time="2.332"/>
  <testcase classname="week3day1.ServiceNowIncidentTest" name="shouldbeAbleToGetSingleIncident" time="2.307"/>
  <testcase classname="week3day1.ServiceNowIncidentTest" name="DeleteSingleIncident" time="2.501"/>
</testsuite> <!-- week3day1.ServiceNowIncidentTest -->
