<?xml version="1.0" encoding="UTF-8"?>
<!-- Generated by org.testng.reporters.JUnitReportReporter -->
<testsuite hostname="DESKTOP-DQIOB50" failures="0" tests="1" name="ChainingProcess_HomeAssessment.CreateIncident" time="4.964" errors="0" timestamp="2024-09-11T00:26:58 IST" skipped="0">
  <testcase classname="ChainingProcess_HomeAssessment.CreateIncident" name="createincident" time="4.964"/>
</testsuite> <!-- ChainingProcess_HomeAssessment.CreateIncident -->
