<?xml version="1.0" encoding="UTF-8"?>
<!-- Generated by org.testng.reporters.JUnitReportReporter -->
<testsuite hostname="DESKTOP-DQIOB50" failures="0" tests="1" name="week3day2.GetInicidentsBySJONpath" time="5.913" errors="0" timestamp="2024-09-10T22:19:28 IST" skipped="0">
  <testcase classname="week3day2.GetInicidentsBySJONpath" name="GetHardwareCategory" time="5.913"/>
</testsuite> <!-- week3day2.GetInicidentsBySJONpath -->
