<?xml version="1.0" encoding="UTF-8"?>
<!-- Generated by org.testng.reporters.JUnitReportReporter -->
<testsuite hostname="DESKTOP-DQIOB50" failures="0" tests="1" name="ChangeRequest_assessment_week3.ChangeRequest" time="4.498" errors="0" timestamp="2024-09-11T15:54:27 IST" skipped="0">
  <testcase classname="ChangeRequest_assessment_week3.ChangeRequest" name="ChangeRequesttest" time="4.498"/>
</testsuite> <!-- ChangeRequest_assessment_week3.ChangeRequest -->
