<?xml version="1.0" encoding="UTF-8"?>
<!-- Generated by org.testng.reporters.JUnitReportReporter -->
<testsuite hostname="DESKTOP-DQIOB50" failures="0" tests="4" name="ChainingProcess_HomeAssessment.CRUD_incident" time="13.218" errors="0" timestamp="2024-09-11T14:16:02 IST" skipped="0">
  <testcase classname="ChainingProcess_HomeAssessment.CRUD_incident" name="deletincident" time="2.715"/>
  <testcase classname="ChainingProcess_HomeAssessment.CRUD_incident" name="createincident" time="5.453"/>
  <testcase classname="ChainingProcess_HomeAssessment.CRUD_incident" name="getincidentAfterDelete" time="2.667"/>
  <testcase classname="ChainingProcess_HomeAssessment.CRUD_incident" name="updateincident" time="2.383"/>
</testsuite> <!-- ChainingProcess_HomeAssessment.CRUD_incident -->
