<?xml version="1.0" encoding="UTF-8"?>
<!-- Generated by org.testng.reporters.JUnitReportReporter -->
<testsuite hostname="DESKTOP-DQIOB50" failures="0" tests="3" name="Assessment3_QueryParam_InicidentManagement.InicidentManagement" time="8.992" errors="0" timestamp="2024-09-11T23:05:02 IST" skipped="0">
  <testcase classname="Assessment3_QueryParam_InicidentManagement.InicidentManagement" name="UpdateIncident" time="2.500"/>
  <testcase classname="Assessment3_QueryParam_InicidentManagement.InicidentManagement" name="GetInicidentByQuery" time="3.617"/>
  <testcase classname="Assessment3_QueryParam_InicidentManagement.InicidentManagement" name="DeleteIncident" time="2.875"/>
</testsuite> <!-- Assessment3_QueryParam_InicidentManagement.InicidentManagement -->
