<?xml version="1.0" encoding="UTF-8"?>
<!-- Generated by org.testng.reporters.JUnitReportReporter -->
<testsuite hostname="DESKTOP-DQIOB50" failures="0" tests="1" name="week3day2.IncidentGetRequestDeserializationTest" time="3.994" errors="0" timestamp="2024-09-18T15:04:23 IST" skipped="0">
  <testcase classname="week3day2.IncidentGetRequestDeserializationTest" name="FetchAllincidentsRecords" time="3.994"/>
</testsuite> <!-- week3day2.IncidentGetRequestDeserializationTest -->
